Arguments: 
  C:\Program Files\nodejs\node.exe C:\Users\Hendy\AppData\Roaming\npm\node_modules\yarn\bin\yarn.js init

PATH: 
  C:\Users\Hendy\bin;C:\Users\Hendy\AppData\Local\Programs\Git\mingw64\bin;C:\Users\Hendy\AppData\Local\Programs\Git\usr\local\bin;C:\Users\Hendy\AppData\Local\Programs\Git\usr\bin;C:\Users\Hendy\AppData\Local\Programs\Git\usr\bin;C:\Users\Hendy\AppData\Local\Programs\Git\mingw64\bin;C:\Users\Hendy\AppData\Local\Programs\Git\usr\bin;C:\Users\Hendy\bin;C:\Program Files (x86)\Common Files\Oracle\Java\javapath;C:\Program Files (x86)\Intel\iCLS Client;C:\Program Files\Intel\iCLS Client;C:\WINDOWS\system32;C:\WINDOWS;C:\WINDOWS\System32\Wbem;C:\WINDOWS\System32\WindowsPowerShell\v1.0;C:\Program Files (x86)\Intel\Intel(R) Management Engine Components\DAL;C:\Program Files\Intel\Intel(R) Management Engine Components\DAL;C:\Program Files (x86)\Intel\Intel(R) Management Engine Components\IPT;C:\Program Files\Intel\Intel(R) Management Engine Components\IPT;C:\WINDOWS\System32\OpenSSH;C:\Program Files\nodejs;C:\xampp\php;C:\Users\Hendy\AppData\Local\Microsoft\WindowsApps;C:\Users\Hendy\AppData\Local\atom\bin;C:\MAMP\bin\php\php7.2.1;C:\Users\Hendy\composer;C:\Users\Hendy\AppData\Roaming\Composer\vendor\bin;C:\Users\Hendy\AppData\Local\Programs\Git\cmd;C:\Users\Hendy\AppData\Local\Microsoft\WindowsApps;C:\Users\Hendy\AppData\Local\Programs\Microsoft VS Code\bin;C:\Users\Hendy\AppData\Roaming\npm;C:\Users\Hendy\AppData\Local\Programs\Git\usr\bin\vendor_perl;C:\Users\Hendy\AppData\Local\Programs\Git\usr\bin\core_perl

Yarn version: 
  1.17.3

Node version: 
  8.12.0

Platform: 
  win32 x64

Trace: 
  Error: Can't answer a question unless a user TTY
      at ConsoleReporter.question (C:\Users\Hendy\AppData\Roaming\npm\node_modules\yarn\lib\cli.js:96528:59)
      at Object.<anonymous> (C:\Users\Hendy\AppData\Roaming\npm\node_modules\yarn\lib\cli.js:88889:38)
      at Generator.next (<anonymous>)
      at step (C:\Users\Hendy\AppData\Roaming\npm\node_modules\yarn\lib\cli.js:304:30)
      at C:\Users\Hendy\AppData\Roaming\npm\node_modules\yarn\lib\cli.js:315:13
      at <anonymous>
      at process._tickCallback (internal/process/next_tick.js:189:7)

npm manifest: 
  No manifest

yarn manifest: 
  No manifest

Lockfile: 
  # THIS IS AN AUTOGENERATED FILE. DO NOT EDIT THIS FILE DIRECTLY.
  # yarn lockfile v1
  
  
  eslint-config-prettier@^6.2.0:
    version "6.2.0"
    resolved "https://registry.yarnpkg.com/eslint-config-prettier/-/eslint-config-prettier-6.2.0.tgz#80e0b8714e3f6868c4ac2a25fbf39c02e73527a7"
    integrity sha512-VLsgK/D+S/FEsda7Um1+N8FThec6LqE3vhcMyp8mlmto97y3fGf3DX7byJexGuOb1QY0Z/zz222U5t+xSfcZDQ==
    dependencies:
      get-stdin "^6.0.0"
  
  eslint-plugin-prettier@^3.1.0:
    version "3.1.0"
    resolved "https://registry.yarnpkg.com/eslint-plugin-prettier/-/eslint-plugin-prettier-3.1.0.tgz#8695188f95daa93b0dc54b249347ca3b79c4686d"
    integrity sha512-XWX2yVuwVNLOUhQijAkXz+rMPPoCr7WFiAl8ig6I7Xn+pPVhDhzg4DxHpmbeb0iqjO9UronEA3Tb09ChnFVHHA==
    dependencies:
      prettier-linter-helpers "^1.0.0"
  
  fast-diff@^1.1.2:
    version "1.2.0"
    resolved "https://registry.yarnpkg.com/fast-diff/-/fast-diff-1.2.0.tgz#73ee11982d86caaf7959828d519cfe927fac5f03"
    integrity sha512-xJuoT5+L99XlZ8twedaRf6Ax2TgQVxvgZOYoPKqZufmJib0tL2tegPBOZb1pVNgIhlqDlA0eO0c3wBvQcmzx4w==
  
  get-stdin@^6.0.0:
    version "6.0.0"
    resolved "https://registry.yarnpkg.com/get-stdin/-/get-stdin-6.0.0.tgz#9e09bf712b360ab9225e812048f71fde9c89657b"
    integrity sha512-jp4tHawyV7+fkkSKyvjuLZswblUtz+SQKzSWnBbii16BuZksJlU1wuBYXY75r+duh/llF1ur6oNwi+2ZzjKZ7g==
  
  prettier-linter-helpers@^1.0.0:
    version "1.0.0"
    resolved "https://registry.yarnpkg.com/prettier-linter-helpers/-/prettier-linter-helpers-1.0.0.tgz#d23d41fe1375646de2d0104d3454a3008802cf7b"
    integrity sha512-GbK2cP9nraSSUF9N2XwUwqfzlAFlMNYYl+ShE/V+H8a9uNl/oUqB1w2EL54Jh0OlyRSd8RfWYJ3coVS4TROP2w==
    dependencies:
      fast-diff "^1.1.2"
  
  prettier@^1.18.2:
    version "1.18.2"
    resolved "https://registry.yarnpkg.com/prettier/-/prettier-1.18.2.tgz#6823e7c5900017b4bd3acf46fe9ac4b4d7bda9ea"
    integrity sha512-OeHeMc0JhFE9idD4ZdtNibzY0+TPHSpSSb9h8FqtP+YnoZZ1sl8Vc9b1sasjfymH3SonAF4QcA2+mzHPhMvIiw==
